[DEBUG] [TOKEN] TokenTypes.IDENTIFIER int. At position: 0 line: 1
[DEBUG] [TOKEN] TokenTypes.IDENTIFIER main. At position: 3 line: 1
[DEBUG] [TOKEN] TokenTypes.LPAR (. At position: 8 line: 1
[DEBUG] [TOKEN] TokenTypes.RPAR ). At position: 9 line: 1
[DEBUG] [TOKEN] TokenTypes.BLOCK_OPENER {. At position: 10 line: 1
[DEBUG] [TOKEN] TokenTypes.IDENTIFIER int. At position: 11 line: 3
[DEBUG] [TOKEN] TokenTypes.IDENTIFIER x1. At position: 20 line: 3
[DEBUG] [TOKEN] TokenTypes.SEPARATOR ;. At position: 23 line: 3
[DEBUG] [TOKEN] TokenTypes.IDENTIFIER int. At position: 24 line: 4
[DEBUG] [TOKEN] TokenTypes.IDENTIFIER y2. At position: 32 line: 4
[DEBUG] [TOKEN] TokenTypes.SEPARATOR ;. At position: 35 line: 4
[DEBUG] [TOKEN] TokenTypes.IDENTIFIER int. At position: 36 line: 5
[DEBUG] [TOKEN] TokenTypes.IDENTIFIER z_final. At position: 44 line: 5
[DEBUG] [TOKEN] TokenTypes.SEPARATOR ;. At position: 52 line: 5
[DEBUG] [TOKEN] TokenTypes.IDENTIFIER x1. At position: 53 line: 7
[DEBUG] [TOKEN] TokenTypes.ASSIGN =. At position: 65 line: 7
[DEBUG] [TOKEN] TokenTypes.NUMBER 8. At position: 67 line: 7
[DEBUG] [TOKEN] TokenTypes.SEPARATOR ;. At position: 69 line: 7
[DEBUG] [TOKEN] TokenTypes.IDENTIFIER y2. At position: 70 line: 8
[DEBUG] [TOKEN] TokenTypes.ASSIGN =. At position: 77 line: 8
[DEBUG] [TOKEN] TokenTypes.NUMBER 5. At position: 79 line: 8
[DEBUG] [TOKEN] TokenTypes.SEPARATOR ;. At position: 81 line: 8
[DEBUG] [TOKEN] TokenTypes.IDENTIFIER z_final. At position: 82 line: 12
[DEBUG] [TOKEN] TokenTypes.ASSIGN =. At position: 97 line: 12
[DEBUG] [TOKEN] TokenTypes.LPAR (. At position: 99 line: 12
[DEBUG] [TOKEN] TokenTypes.IDENTIFIER x1. At position: 101 line: 12
[DEBUG] [TOKEN] TokenTypes.PLUS 1. At position: 103 line: 12
[DEBUG] [TOKEN] TokenTypes.PLUS 1. At position: 103 line: 12
[DEBUG] [TOKEN] TokenTypes.IDENTIFIER y2. At position: 105 line: 12
[DEBUG] [TOKEN] TokenTypes.RPAR ). At position: 108 line: 12
[DEBUG] [TOKEN] TokenTypes.NUMBER 2. At position: 107 line: 12
[DEBUG] [TOKEN] TokenTypes.RPAR ). At position: 108 line: 12
[DEBUG] [TOKEN] TokenTypes.MULTIPLIER 1. At position: 109 line: 12
[DEBUG] [TOKEN] TokenTypes.MINUS 1. At position: 111 line: 12
[DEBUG] [TOKEN] TokenTypes.MINUS 1. At position: 113 line: 12
[DEBUG] [TOKEN] TokenTypes.MINUS 1. At position: 114 line: 12
[DEBUG] [TOKEN] TokenTypes.NUMBER 37. At position: 115 line: 12
[DEBUG] [TOKEN] TokenTypes.SEPARATOR ;. At position: 117 line: 12
[DEBUG] [TOKEN] TokenTypes.SEPARATOR ;. At position: 118 line: 12
[DEBUG] [TOKEN] TokenTypes.SEPARATOR ;. At position: 119 line: 12
[DEBUG] [TOKEN] TokenTypes.SEPARATOR ;. At position: 120 line: 12
[DEBUG] [TOKEN] TokenTypes.SEPARATOR ;. At position: 121 line: 12
[DEBUG] [TOKEN] TokenTypes.IDENTIFIER println. At position: 122 line: 13
[DEBUG] [TOKEN] TokenTypes.LPAR (. At position: 134 line: 13
[DEBUG] [TOKEN] TokenTypes.IDENTIFIER z_final. At position: 135 line: 13
[DEBUG] [TOKEN] TokenTypes.RPAR ). At position: 142 line: 13
[DEBUG] [TOKEN] TokenTypes.IDENTIFIER final. At position: 136 line: 13
[DEBUG] [TOKEN] TokenTypes.RPAR ). At position: 142 line: 13
[DEBUG] [TOKEN] TokenTypes.SEPARATOR ;. At position: 143 line: 13
[DEBUG] [TOKEN] TokenTypes.BLOCK_CLOSER }. At position: 144 line: 14
